[18:41:56] [ServerMain/INFO]: [bootstrap] Running Java 21 (OpenJDK 64-Bit Server VM 21.0.9+10-Ubuntu-124.04; Ubuntu null) on Linux 6.8.0-1030-azure (amd64)
[18:41:56] [ServerMain/INFO]: [bootstrap] Loading Paper 1.21.8-6-main@782ce95 (2025-07-18T20:26:58Z) for Minecraft 1.21.8
[18:41:57] [ServerMain/INFO]: [PluginInitializerManager] Initializing plugins...
[18:41:57] [Paper Plugin Remapper Thread - 2/INFO]: [PluginRemapper] Remapping plugin 'plugins/UltraSetHome-1.7.9 (1).jar'...
[18:41:58] [Paper Plugin Remapper Thread - 0/INFO]: [PluginRemapper] Remapping plugin 'plugins/BetterTPA-1.1.1.jar'...
[18:41:58] [Paper Plugin Remapper Thread - 3/INFO]: [PluginRemapper] Remapping plugin 'plugins/VeinMiner-Bukkit-2.3.0 (2).jar'...
[18:41:58] [Paper Plugin Remapper Thread - 1/INFO]: [PluginRemapper] Remapping plugin 'plugins/timber-1.7.6.jar'...
[18:42:00] [Paper Plugin Remapper Thread - 1/INFO]: [PluginRemapper] Done remapping plugin 'plugins/timber-1.7.6.jar' in 1985ms.
[18:42:00] [Paper Plugin Remapper Thread - 3/INFO]: [PluginRemapper] Done remapping plugin 'plugins/VeinMiner-Bukkit-2.3.0 (2).jar' in 2443ms.
[18:42:01] [Paper Plugin Remapper Thread - 2/INFO]: [PluginRemapper] Done remapping plugin 'plugins/UltraSetHome-1.7.9 (1).jar' in 3625ms.
[18:42:01] [Paper Plugin Remapper Thread - 0/INFO]: [PluginRemapper] Done remapping plugin 'plugins/BetterTPA-1.1.1.jar' in 3516ms.
[18:42:01] [ServerMain/INFO]: [PluginInitializerManager] Initialized 4 plugins
[18:42:01] [ServerMain/INFO]: [PluginInitializerManager] Bukkit plugins (4):
 - BetterTPA (1.1.1), Timber (1.7.6), UltraSetHome (1.7.9), VeinMiner (2.3.0)
[18:42:09] [ServerMain/INFO]: Environment: Environment[sessionHost=https://sessionserver.mojang.com, servicesHost=https://api.minecraftservices.com, name=PROD]
[18:42:13] [ServerMain/INFO]: Loaded 1407 recipes
[18:42:13] [ServerMain/INFO]: Loaded 1520 advancements
[18:42:13] [ServerMain/INFO]: [ca.spottedleaf.dataconverter.minecraft.datatypes.MCTypeRegistry] Initialising converters for DataConverter...
[18:42:13] [ServerMain/INFO]: [ca.spottedleaf.dataconverter.minecraft.datatypes.MCTypeRegistry] Finished initialising converters for DataConverter in 676.8ms
[18:42:14] [Server thread/INFO]: Starting minecraft server version 1.21.8
[18:42:14] [Server thread/INFO]: Loading properties
[18:42:14] [Server thread/INFO]: This server is running Paper version 1.21.8-6-main@782ce95 (2025-07-18T20:26:58Z) (Implementing API version 1.21.8-R0.1-SNAPSHOT)
[18:42:14] [Server thread/INFO]: [spark] This server bundles the spark profiler. For more information please visit https://docs.papermc.io/paper/profiling
[18:42:14] [Server thread/INFO]: Server Ping Player Sample Count: 12
[18:42:14] [Server thread/INFO]: Using 4 threads for Netty based IO
[18:42:16] [Server thread/INFO]: [MoonriseCommon] Paper is using 1 worker threads, 1 I/O threads
[18:42:16] [Server thread/INFO]: [ChunkTaskScheduler] Chunk system is using population gen parallelism: true
[18:42:16] [Server thread/INFO]: Default game type: SURVIVAL
[18:42:16] [Server thread/INFO]: Generating keypair
[18:42:16] [Server thread/INFO]: Starting Minecraft server on *:25565
[18:42:16] [Server thread/INFO]: Using epoll channel type
[18:42:16] [Server thread/INFO]: Paper: Using libdeflate (Linux x86_64) compression from Velocity.
[18:42:16] [Server thread/INFO]: Paper: Using OpenSSL 3.x.x (Linux x86_64) cipher from Velocity.
[18:42:17] [Server thread/INFO]: [Timber] Loading server plugin Timber v1.7.6
[18:42:17] [Server thread/INFO]: [VeinMiner] Loading server plugin VeinMiner v2.3.0
[18:42:17] [Server thread/INFO]: [BetterTPA] Loading server plugin BetterTPA v1.1.1
[18:42:17] [Server thread/INFO]: [UltraSetHome] Loading server plugin UltraSetHome v1.7.9
[18:42:17] [Server thread/INFO]: Server permissions file permissions.yml is empty, ignoring it
[18:42:17] [Server thread/WARN]: **** SERVER IS RUNNING IN OFFLINE/INSECURE MODE!
[18:42:17] [Server thread/WARN]: The server will make no attempt to authenticate usernames. Beware.
[18:42:17] [Server thread/WARN]: While this makes the game possible to play without internet access, it also opens up the ability for hackers to connect with any username they choose.
[18:42:17] [Server thread/WARN]: To change this, set "online-mode" to "true" in the server.properties file.
[18:42:17] [Server thread/INFO]: Preparing level "world"
[18:42:18] [Server thread/INFO]: Preparing start region for dimension minecraft:overworld
[18:42:18] [Server thread/INFO]: Preparing spawn area: 0%
[18:42:18] [Server thread/INFO]: Preparing spawn area: 2%
[18:42:19] [Server thread/INFO]: Preparing spawn area: 26%
[18:42:19] [Server thread/INFO]: Time elapsed: 1116 ms
[18:42:19] [Server thread/INFO]: Preparing start region for dimension minecraft:the_nether
[18:42:19] [Server thread/INFO]: Preparing spawn area: 0%
[18:42:19] [Server thread/INFO]: Preparing spawn area: 16%
[18:42:20] [Server thread/INFO]: Preparing spawn area: 28%
[18:42:20] [Server thread/INFO]: Preparing spawn area: 28%
[18:42:21] [Server thread/INFO]: Time elapsed: 1772 ms
[18:42:21] [Server thread/INFO]: Preparing start region for dimension minecraft:the_end
[18:42:21] [Server thread/INFO]: Preparing spawn area: 0%
[18:42:21] [Server thread/INFO]: Time elapsed: 484 ms
[18:42:21] [Server thread/INFO]: [Timber] Enabling Timber v1.7.6
[18:42:21] [Server thread/WARN]: LogBlock isn't injected! 
[18:42:21] [Server thread/WARN]: Install the plugin to improve tree detection 
[18:42:21] [Server thread/WARN]: Download link: https://www.curseforge.com/minecraft/bukkit-plugins/logblocks 
[18:42:22] [Server thread/INFO]: [VeinMiner] Enabling VeinMiner v2.3.0
[18:42:22] [Server thread/INFO]: [VeinMiner] Using "sqlite" for persistent data storage.
[18:42:22] [Server thread/INFO]: [VeinMiner] Loading configuration options to local memory
[18:42:22] [Server thread/INFO]: [VeinMiner] Added 14 aliases.
[18:42:22] [Server thread/INFO]: [VeinMiner] Registered category with id "Axe" holding 6 unique items and 28 unique blocks.
[18:42:23] [Server thread/INFO]: [VeinMiner] Registered category with id "Hoe" holding 6 unique items and 12 unique blocks.
[18:42:23] [Server thread/INFO]: [VeinMiner] Registered category with id "Pickaxe" holding 6 unique items and 14 unique blocks.
[18:42:23] [Server thread/INFO]: [VeinMiner] Registered category with id "Shears" holding 1 unique items and 4 unique blocks.
[18:42:23] [Server thread/INFO]: [VeinMiner] Registered category with id "Shovel" holding 6 unique items and 10 unique blocks.
[18:42:23] [Server thread/WARN]: [VeinMiner] No block list configured for category with id "Hand"! Is this intentional?
[18:42:23] [Server thread/INFO]: [VeinMiner] Registered category with id "Hand" holding 0 unique items and 0 unique blocks.
[18:42:23] [Server thread/INFO]: [VeinMiner] Performing an update check!
[18:42:23] [Server thread/INFO]: [VeinMiner] Registering commands
[18:42:23] [Server thread/INFO]: [VeinMiner] Registering events
[18:42:23] [Server thread/INFO]: [VeinMiner] Vault not found. Economy support suspended
[18:42:23] [Server thread/INFO]: [VeinMiner] Enabling Plugin Metrics
[18:42:23] [Server thread/INFO]: [VeinMiner] Thanks for enabling Metrics! The anonymous stats are appreciated
[18:42:23] [Server thread/INFO]: [BetterTPA] Enabling BetterTPA v1.1.1
[18:42:23] [Thread-7/INFO]: [VeinMiner] You are on the latest version of VeinMiner!
[18:42:24] [Server thread/INFO]: [UltraSetHome] Enabling UltraSetHome v1.7.9
[18:42:25] [Server thread/INFO]: [spark] Starting background profiler...
[18:42:26] [Server thread/INFO]: Done preparing level "world" (9.290s)
[18:42:26] [Server thread/INFO]: Running delayed init tasks
[18:42:26] [Server thread/INFO]: Done (31.844s)! For help, type "help"
[18:42:27] [Server thread/INFO]: [UltraSetHome] You are using the latest version of UltraSetHome.
[18:42:35] [User Authenticator #0/INFO]: UUID of player Cordero is 3afa5259-9195-3581-8695-94be58c3c89d
[18:42:36] [Server thread/INFO]: Cordero joined the game
[18:42:36] [Server thread/INFO]: Cordero[/127.108.60.115:39515] logged in with entity id 26 at ([world]-205.5, 67.0, 1.5)
[18:42:58] [Server thread/INFO]: Environment: Environment[sessionHost=https://sessionserver.mojang.com, servicesHost=https://api.minecraftservices.com, name=PROD]
[18:43:38] [Server thread/INFO]: Cordero has made the advancement [Stone Age]
[18:45:54] [Server thread/INFO]: Cordero lost connection: Disconnected
[18:45:55] [Server thread/INFO]: Cordero left the game
[18:48:15] [Server thread/INFO]: Made Cordero a server operator
[18:48:59] [User Authenticator #1/INFO]: UUID of player Cordero is 3afa5259-9195-3581-8695-94be58c3c89d
[18:49:00] [Server thread/INFO]: Cordero joined the game
[18:49:00] [Server thread/INFO]: Cordero[/127.108.60.115:58821] logged in with entity id 758 at ([world]-199.94176338751717, 61.0, 12.300000011920929)
[18:49:09] [Server thread/INFO]: Cordero issued server command: /time set day
[18:49:09] [Server thread/INFO]: [Cordero: Set the time to 1000]
[18:49:46] [Server thread/INFO]: Cordero has made the advancement [Getting an Upgrade]
[18:51:51] [Server thread/INFO]: Cordero lost connection: Disconnected
[18:51:52] [Server thread/INFO]: Cordero left the game
[18:58:29] [User Authenticator #2/INFO]: UUID of player Cordero is 3afa5259-9195-3581-8695-94be58c3c89d
[18:58:30] [Server thread/INFO]: Cordero joined the game
[18:58:30] [Server thread/INFO]: Cordero[/127.108.60.115:46047] logged in with entity id 1936 at ([world]-253.98966757192488, 70.0, 148.341226696071)
[18:58:36] [Server thread/INFO]: Cordero issued server command: /time set day
[18:58:36] [Server thread/INFO]: [Cordero: Set the time to 1000]
[19:08:20] [Server thread/INFO]: Cordero has made the advancement [Sweet Dreams]
[19:13:16] [Server thread/INFO]: Cordero issued server command: /seed
[19:39:50] [Server thread/INFO]: Stopping the server
[19:39:50] [Server thread/INFO]: Stopping server
[19:39:50] [Server thread/INFO]: [UltraSetHome] Disabling UltraSetHome v1.7.9
[19:39:50] [Server thread/INFO]: [BetterTPA] Disabling BetterTPA v1.1.1
[19:39:50] [Server thread/INFO]: [VeinMiner] Disabling VeinMiner v2.3.0
[19:39:50] [Server thread/INFO]: [VeinMiner] Clearing localized data
[19:39:50] [Server thread/INFO]: [Timber] Disabling Timber v1.7.6
[19:39:50] [Server thread/INFO]: Saving players
[19:39:50] [Server thread/INFO]: Cordero lost connection: Server closed
[19:39:50] [Server thread/INFO]: Cordero left the game
[19:39:50] [Server thread/INFO]: Saving worlds
[19:39:50] [Server thread/INFO]: Saving chunks for level 'ServerLevel[world]'/minecraft:overworld
[19:39:50] [Server thread/INFO]: [ChunkHolderManager] Waiting 60s for chunk system to halt for world 'world'
[19:39:50] [Server thread/INFO]: [ChunkHolderManager] Halted chunk system for world 'world'
[19:39:50] [Server thread/INFO]: [ChunkHolderManager] Saving all chunkholders for world 'world'
[19:39:51] [Server thread/INFO]: [ChunkHolderManager] Saved 810 block chunks, 251 entity chunks, 5 poi chunks in world 'world' in 1.03s
[19:39:51] [Server thread/INFO]: [ChunkHolderManager] Waiting 60s for chunk I/O to halt for world 'world'
[19:39:51] [Server thread/INFO]: [ChunkHolderManager] Halted I/O scheduler for world 'world'
[19:39:51] [Server thread/INFO]: Saving chunks for level 'ServerLevel[world_nether]'/minecraft:the_nether
[19:39:51] [Server thread/INFO]: [ChunkHolderManager] Waiting 60s for chunk system to halt for world 'world_nether'
[19:39:51] [Server thread/INFO]: [ChunkHolderManager] Halted chunk system for world 'world_nether'
[19:39:51] [Server thread/INFO]: [ChunkHolderManager] Saving all chunkholders for world 'world_nether'
[19:39:51] [Server thread/INFO]: [ChunkHolderManager] Saved 1 block chunks, 5 entity chunks, 0 poi chunks in world 'world_nether' in 0.01s
[19:39:51] [Server thread/INFO]: [ChunkHolderManager] Waiting 60s for chunk I/O to halt for world 'world_nether'
[19:39:51] [Server thread/INFO]: [ChunkHolderManager] Halted I/O scheduler for world 'world_nether'
[19:39:52] [Server thread/INFO]: Saving chunks for level 'ServerLevel[world_the_end]'/minecraft:the_end
[19:39:52] [Server thread/INFO]: [ChunkHolderManager] Waiting 60s for chunk system to halt for world 'world_the_end'
[19:39:52] [Server thread/INFO]: [ChunkHolderManager] Halted chunk system for world 'world_the_end'
[19:39:52] [Server thread/INFO]: [ChunkHolderManager] Saving all chunkholders for world 'world_the_end'
[19:39:52] [Server thread/INFO]: [ChunkHolderManager] Saved 0 block chunks, 10 entity chunks, 0 poi chunks in world 'world_the_end' in 0.01s
[19:39:52] [Server thread/INFO]: [ChunkHolderManager] Waiting 60s for chunk I/O to halt for world 'world_the_end'
[19:39:52] [Server thread/INFO]: [ChunkHolderManager] Halted I/O scheduler for world 'world_the_end'
[19:39:52] [Server thread/INFO]: ThreadedAnvilChunkStorage (world): All chunks are saved
[19:39:52] [Server thread/INFO]: ThreadedAnvilChunkStorage (DIM-1): All chunks are saved
[19:39:52] [Server thread/INFO]: ThreadedAnvilChunkStorage (DIM1): All chunks are saved
[19:39:52] [Server thread/INFO]: ThreadedAnvilChunkStorage: All dimensions are saved
[19:39:52] [Server thread/INFO]: Waiting for all RegionFile I/O tasks to complete...
[19:39:52] [Server thread/INFO]: All RegionFile I/O tasks to complete
[19:39:52] [Server thread/INFO]: [MoonriseCommon] Awaiting termination of worker pool for up to 60s...
[19:39:52] [Server thread/INFO]: [MoonriseCommon] Awaiting termination of I/O pool for up to 60s...
